Hmm ... looks like a package

This is pdfTeXk, Version 3.141592-1.40.3 (Web2C 7.5.6)
 %&-line parsing enabled.
entering extended mode
(./Rd2.tex
LaTeX2e <2005/12/01>
Babel <v3.8h> and hyphenation patterns for english, usenglishmax, dumylang, noh
yphenation, arabic, basque, bulgarian, coptic, welsh, czech, slovak, german, ng
erman, danish, esperanto, spanish, catalan, galician, estonian, farsi, finnish,
 french, greek, monogreek, ancientgreek, croatian, hungarian, interlingua, ibyc
us, indonesian, icelandic, italian, latin, mongolian, dutch, norsk, polish, por
tuguese, pinyin, romanian, russian, slovenian, uppersorbian, serbian, swedish, 
turkish, ukenglish, ukrainian, loaded.

(/usr/share/texmf/tex/latex/base/book.cls
Document Class: book 2005/09/16 v1.4f Standard LaTeX document class
(/usr/share/texmf/tex/latex/base/bk10.clo))
(/usr/share/R/texmf/tex/latex/Rd.sty
(/usr/share/texmf/tex/latex/base/ifthen.sty)
(/usr/share/texmf/tex/latex/tools/longtable.sty)
(/usr/share/texmf/tex/latex/tools/bm.sty)
(/usr/share/texmf/tex/latex/base/alltt.sty)
(/usr/share/texmf/tex/latex/tools/verbatim.sty)
(/usr/share/texmf/tex/latex/ltxmisc/url.sty)
(/usr/share/R/texmf/tex/latex/upquote.sty
(/usr/share/texmf/tex/latex/base/textcomp.sty
(/usr/share/texmf/tex/latex/base/ts1enc.def))) NOT loading ae
(/usr/share/texmf/tex/latex/base/fontenc.sty
(/usr/share/texmf/tex/latex/base/t1enc.def))
(/usr/share/texmf/tex/latex/psnfss/times.sty) NOT loading lmodern
(/usr/share/texmf/tex/latex/graphics/color.sty
(/usr/share/texmf/tex/latex/config/color.cfg)
(/usr/share/texmf/tex/latex/pdftex-def/pdftex.def))
(/usr/share/texmf/tex/latex/hyperref/hyperref.sty
(/usr/share/texmf/tex/latex/graphics/keyval.sty)
(/usr/share/texmf/tex/latex/hyperref/pd1enc.def)
(/usr/share/texmf/tex/latex/config/hyperref.cfg)
(/usr/share/texmf/tex/latex/oberdiek/kvoptions.sty)
Implicit mode ON; LaTeX internals redefined
)
*hyperref using default driver hpdftex*
(/usr/share/texmf/tex/latex/hyperref/hpdftex.def)

Package hyperref Warning: Option `hyperindex' has already been used,
(hyperref)                setting the option has no effect on input line 342.


Package hyperref Warning: Option `pagebackref' has already been used,
(hyperref)                setting the option has no effect on input line 342.

) (/usr/share/texmf/tex/latex/base/makeidx.sty)
(/usr/share/texmf/tex/latex/base/inputenc.sty
(/usr/share/texmf/tex/latex/base/utf8.def
(/usr/share/texmf/tex/latex/base/t1enc.dfu)
(/usr/share/texmf/tex/latex/base/ot1enc.dfu)
(/usr/share/texmf/tex/latex/base/omsenc.dfu)
(/usr/share/texmf/tex/latex/base/ts1enc.dfu))
(/usr/share/texmf/tex/latex/base/latin1.def))
Writing index file Rd2.idx
No file Rd2.aux.
(/usr/share/texmf/tex/latex/base/ts1cmr.fd)
(/usr/share/texmf/tex/latex/psnfss/t1ptm.fd)
(/usr/share/texmf/tex/latex/hyperref/nameref.sty
(/usr/share/texmf/tex/latex/oberdiek/refcount.sty))
(/usr/share/texmf/tex/latex/psnfss/t1pcr.fd)
(/usr/share/texmf/tex/latex/psnfss/t1phv.fd)
(/usr/share/texmf/tex/latex/base/utf8.def)
No file Rd2.ind.
[1{/usr/share/texmf/fonts/map/pdftex/updmap/pdftex.map}] (./Rd2.aux) ){/usr/sha
re/texmf/fonts/enc/dvips/base/8r.enc}</usr/share/texmf/fonts/type1/urw/courier/
ucrr8a.pfb></usr/share/texmf/fonts/type1/urw/helvetic/uhvr8a.pfb></usr/share/te
xmf/fonts/type1/urw/times/utmb8a.pfb></usr/share/texmf/fonts/type1/urw/times/ut
mr8a.pfb></usr/share/texmf/fonts/type1/urw/times/utmri8a.pfb>
Output written on Rd2.pdf (1 page, 52457 bytes).
Transcript written on Rd2.log.
This is makeindex, version 2.14 [02-Oct-2002] (kpathsea + Thai support).
Scanning input file Rd2.idx....done (1 entries accepted, 0 rejected).
Sorting entries...done (0 comparisons).
Generating output file Rd2.ind....done (5 lines written, 0 warnings).
Output written in Rd2.ind.
Transcript written in Rd2.ilg.
This is pdfTeXk, Version 3.141592-1.40.3 (Web2C 7.5.6)
 %&-line parsing enabled.
entering extended mode
(./Rd2.tex
LaTeX2e <2005/12/01>
Babel <v3.8h> and hyphenation patterns for english, usenglishmax, dumylang, noh
yphenation, arabic, basque, bulgarian, coptic, welsh, czech, slovak, german, ng
erman, danish, esperanto, spanish, catalan, galician, estonian, farsi, finnish,
 french, greek, monogreek, ancientgreek, croatian, hungarian, interlingua, ibyc
us, indonesian, icelandic, italian, latin, mongolian, dutch, norsk, polish, por
tuguese, pinyin, romanian, russian, slovenian, uppersorbian, serbian, swedish, 
turkish, ukenglish, ukrainian, loaded.

(/usr/share/texmf/tex/latex/base/book.cls
Document Class: book 2005/09/16 v1.4f Standard LaTeX document class
(/usr/share/texmf/tex/latex/base/bk10.clo))
(/usr/share/R/texmf/tex/latex/Rd.sty
(/usr/share/texmf/tex/latex/base/ifthen.sty)
(/usr/share/texmf/tex/latex/tools/longtable.sty)
(/usr/share/texmf/tex/latex/tools/bm.sty)
(/usr/share/texmf/tex/latex/base/alltt.sty)
(/usr/share/texmf/tex/latex/tools/verbatim.sty)
(/usr/share/texmf/tex/latex/ltxmisc/url.sty)
(/usr/share/R/texmf/tex/latex/upquote.sty
(/usr/share/texmf/tex/latex/base/textcomp.sty
(/usr/share/texmf/tex/latex/base/ts1enc.def))) NOT loading ae
(/usr/share/texmf/tex/latex/base/fontenc.sty
(/usr/share/texmf/tex/latex/base/t1enc.def))
(/usr/share/texmf/tex/latex/psnfss/times.sty) NOT loading lmodern
(/usr/share/texmf/tex/latex/graphics/color.sty
(/usr/share/texmf/tex/latex/config/color.cfg)
(/usr/share/texmf/tex/latex/pdftex-def/pdftex.def))
(/usr/share/texmf/tex/latex/hyperref/hyperref.sty
(/usr/share/texmf/tex/latex/graphics/keyval.sty)
(/usr/share/texmf/tex/latex/hyperref/pd1enc.def)
(/usr/share/texmf/tex/latex/config/hyperref.cfg)
(/usr/share/texmf/tex/latex/oberdiek/kvoptions.sty)
Implicit mode ON; LaTeX internals redefined
)
*hyperref using default driver hpdftex*
(/usr/share/texmf/tex/latex/hyperref/hpdftex.def)

Package hyperref Warning: Option `hyperindex' has already been used,
(hyperref)                setting the option has no effect on input line 342.


Package hyperref Warning: Option `pagebackref' has already been used,
(hyperref)                setting the option has no effect on input line 342.

) (/usr/share/texmf/tex/latex/base/makeidx.sty)
(/usr/share/texmf/tex/latex/base/inputenc.sty
(/usr/share/texmf/tex/latex/base/utf8.def
(/usr/share/texmf/tex/latex/base/t1enc.dfu)
(/usr/share/texmf/tex/latex/base/ot1enc.dfu)
(/usr/share/texmf/tex/latex/base/omsenc.dfu)
(/usr/share/texmf/tex/latex/base/ts1enc.dfu))
(/usr/share/texmf/tex/latex/base/latin1.def))
Writing index file Rd2.idx
(./Rd2.aux) (/usr/share/texmf/tex/latex/base/ts1cmr.fd)
(/usr/share/texmf/tex/latex/psnfss/t1ptm.fd)
(/usr/share/texmf/tex/latex/hyperref/nameref.sty
(/usr/share/texmf/tex/latex/oberdiek/refcount.sty)) (./Rd2.out) (./Rd2.out)
(/usr/share/texmf/tex/latex/psnfss/t1pcr.fd)
(/usr/share/texmf/tex/latex/psnfss/t1phv.fd) (./Rd2.toc)
(/usr/share/texmf/tex/latex/base/utf8.def) (./Rd2.ind [1{/usr/share/texmf/fonts
/map/pdftex/updmap/pdftex.map}] [2]) (./Rd2.aux) ){/usr/share/texmf/fonts/enc/d
vips/base/8r.enc}</usr/share/texmf/fonts/type1/urw/courier/ucrr8a.pfb></usr/sha
re/texmf/fonts/type1/urw/helvetic/uhvr8a.pfb></usr/share/texmf/fonts/type1/urw/
times/utmb8a.pfb></usr/share/texmf/fonts/type1/urw/times/utmr8a.pfb></usr/share
/texmf/fonts/type1/urw/times/utmri8a.pfb>
Output written on Rd2.pdf (2 pages, 54203 bytes).
Transcript written on Rd2.log.
This is makeindex, version 2.14 [02-Oct-2002] (kpathsea + Thai support).
Scanning input file Rd2.idx....done (1 entries accepted, 0 rejected).
Sorting entries...done (0 comparisons).
Generating output file Rd2.ind....done (5 lines written, 0 warnings).
Output written in Rd2.ind.
Transcript written in Rd2.ilg.
This is pdfTeXk, Version 3.141592-1.40.3 (Web2C 7.5.6)
 %&-line parsing enabled.
entering extended mode
(./Rd2.tex
LaTeX2e <2005/12/01>
Babel <v3.8h> and hyphenation patterns for english, usenglishmax, dumylang, noh
yphenation, arabic, basque, bulgarian, coptic, welsh, czech, slovak, german, ng
erman, danish, esperanto, spanish, catalan, galician, estonian, farsi, finnish,
 french, greek, monogreek, ancientgreek, croatian, hungarian, interlingua, ibyc
us, indonesian, icelandic, italian, latin, mongolian, dutch, norsk, polish, por
tuguese, pinyin, romanian, russian, slovenian, uppersorbian, serbian, swedish, 
turkish, ukenglish, ukrainian, loaded.

(/usr/share/texmf/tex/latex/base/book.cls
Document Class: book 2005/09/16 v1.4f Standard LaTeX document class
(/usr/share/texmf/tex/latex/base/bk10.clo))
(/usr/share/R/texmf/tex/latex/Rd.sty
(/usr/share/texmf/tex/latex/base/ifthen.sty)
(/usr/share/texmf/tex/latex/tools/longtable.sty)
(/usr/share/texmf/tex/latex/tools/bm.sty)
(/usr/share/texmf/tex/latex/base/alltt.sty)
(/usr/share/texmf/tex/latex/tools/verbatim.sty)
(/usr/share/texmf/tex/latex/ltxmisc/url.sty)
(/usr/share/R/texmf/tex/latex/upquote.sty
(/usr/share/texmf/tex/latex/base/textcomp.sty
(/usr/share/texmf/tex/latex/base/ts1enc.def))) NOT loading ae
(/usr/share/texmf/tex/latex/base/fontenc.sty
(/usr/share/texmf/tex/latex/base/t1enc.def))
(/usr/share/texmf/tex/latex/psnfss/times.sty) NOT loading lmodern
(/usr/share/texmf/tex/latex/graphics/color.sty
(/usr/share/texmf/tex/latex/config/color.cfg)
(/usr/share/texmf/tex/latex/pdftex-def/pdftex.def))
(/usr/share/texmf/tex/latex/hyperref/hyperref.sty
(/usr/share/texmf/tex/latex/graphics/keyval.sty)
(/usr/share/texmf/tex/latex/hyperref/pd1enc.def)
(/usr/share/texmf/tex/latex/config/hyperref.cfg)
(/usr/share/texmf/tex/latex/oberdiek/kvoptions.sty)
Implicit mode ON; LaTeX internals redefined
)
*hyperref using default driver hpdftex*
(/usr/share/texmf/tex/latex/hyperref/hpdftex.def)

Package hyperref Warning: Option `hyperindex' has already been used,
(hyperref)                setting the option has no effect on input line 342.


Package hyperref Warning: Option `pagebackref' has already been used,
(hyperref)                setting the option has no effect on input line 342.

) (/usr/share/texmf/tex/latex/base/makeidx.sty)
(/usr/share/texmf/tex/latex/base/inputenc.sty
(/usr/share/texmf/tex/latex/base/utf8.def
(/usr/share/texmf/tex/latex/base/t1enc.dfu)
(/usr/share/texmf/tex/latex/base/ot1enc.dfu)
(/usr/share/texmf/tex/latex/base/omsenc.dfu)
(/usr/share/texmf/tex/latex/base/ts1enc.dfu))
(/usr/share/texmf/tex/latex/base/latin1.def))
Writing index file Rd2.idx
(./Rd2.aux) (/usr/share/texmf/tex/latex/base/ts1cmr.fd)
(/usr/share/texmf/tex/latex/psnfss/t1ptm.fd)
(/usr/share/texmf/tex/latex/hyperref/nameref.sty
(/usr/share/texmf/tex/latex/oberdiek/refcount.sty)) (./Rd2.out) (./Rd2.out)
(/usr/share/texmf/tex/latex/psnfss/t1pcr.fd)
(/usr/share/texmf/tex/latex/psnfss/t1phv.fd) (./Rd2.toc)
(/usr/share/texmf/tex/latex/base/utf8.def) (./Rd2.ind [1{/usr/share/texmf/fonts
/map/pdftex/updmap/pdftex.map}] [2]) (./Rd2.aux) ){/usr/share/texmf/fonts/enc/d
vips/base/8r.enc}</usr/share/texmf/fonts/type1/urw/courier/ucrr8a.pfb></usr/sha
re/texmf/fonts/type1/urw/helvetic/uhvr8a.pfb></usr/share/texmf/fonts/type1/urw/
times/utmb8a.pfb></usr/share/texmf/fonts/type1/urw/times/utmr8a.pfb></usr/share
/texmf/fonts/type1/urw/times/utmri8a.pfb>
Output written on Rd2.pdf (2 pages, 54746 bytes).
Transcript written on Rd2.log.
Saving output to 'rgVal-manual.pdf' ...
Done
You may want to clean up by 'rm -rf /tmp/RtmpGQo17s/Rd2pdf1d98587d2c5d'
